2025-09-25 17:38:13,316 INFO o.a.j.u.JMeterUtils: Setting Locale to en_EN
2025-09-25 17:38:13,334 INFO o.a.j.JMeter: Loading user properties from: /home/moolya/Applications/apache-jmeter-5.6.3/bin/user.properties
2025-09-25 17:38:13,335 INFO o.a.j.JMeter: Loading system properties from: /home/moolya/Applications/apache-jmeter-5.6.3/bin/system.properties
2025-09-25 17:38:13,339 INFO o.a.j.JMeter: Copyright (c) 1998-2024 The Apache Software Foundation
2025-09-25 17:38:13,339 INFO o.a.j.JMeter: Version 5.6.3
2025-09-25 17:38:13,339 INFO o.a.j.JMeter: java.version=21.0.8
2025-09-25 17:38:13,339 INFO o.a.j.JMeter: java.vm.name=OpenJDK 64-Bit Server VM
2025-09-25 17:38:13,339 INFO o.a.j.JMeter: os.name=Linux
2025-09-25 17:38:13,340 INFO o.a.j.JMeter: os.arch=amd64
2025-09-25 17:38:13,340 INFO o.a.j.JMeter: os.version=6.14.0-29-generic
2025-09-25 17:38:13,340 INFO o.a.j.JMeter: file.encoding=UTF-8
2025-09-25 17:38:13,340 INFO o.a.j.JMeter: java.awt.headless=true
2025-09-25 17:38:13,340 INFO o.a.j.JMeter: Max memory     =1073741824
2025-09-25 17:38:13,340 INFO o.a.j.JMeter: Available Processors =8
2025-09-25 17:38:13,348 INFO o.a.j.JMeter: Default Locale=English (EN)
2025-09-25 17:38:13,348 INFO o.a.j.JMeter: JMeter  Locale=English (EN)
2025-09-25 17:38:13,349 INFO o.a.j.JMeter: JMeterHome=/home/moolya/Applications/apache-jmeter-5.6.3
2025-09-25 17:38:13,349 INFO o.a.j.JMeter: user.dir  =/home/moolya/Documents/eGov/Performance-Scripts/mSeva
2025-09-25 17:38:13,349 INFO o.a.j.JMeter: PWD       =/home/moolya/Documents/eGov/Performance-Scripts/mSeva
2025-09-25 17:38:13,368 INFO o.a.j.JMeter: IP: 192.168.1.38 Name: Gurjeet-Moolya FullName: Gurjeet-Moolya
2025-09-25 17:38:13,386 INFO o.a.j.JMeter: Setting property 'jmeter.reportgenerator.outputdir' to:'/home/moolya/Documents/eGov/Performance-Scripts/mSeva/./ReportsFolder'
2025-09-25 17:38:13,391 INFO o.a.j.s.FileServer: Default base='/home/moolya/Documents/eGov/Performance-Scripts/mSeva'
2025-09-25 17:38:13,394 INFO o.a.j.s.FileServer: Set new base='/home/moolya/Documents/eGov/Performance-Scripts/mSeva/.'
2025-09-25 17:38:13,585 INFO o.a.j.s.SaveService: Testplan (JMX) version: 2.2. Testlog (JTL) version: 2.2
2025-09-25 17:38:13,618 INFO o.a.j.s.SaveService: Using SaveService properties version 5.0
2025-09-25 17:38:13,621 INFO o.a.j.s.SaveService: Using SaveService properties file encoding UTF-8
2025-09-25 17:38:13,626 INFO o.a.j.s.SaveService: Loading file: ./mSeva.jmx
2025-09-25 17:38:13,709 INFO o.a.j.p.h.s.HTTPSamplerBase: Parser for text/html is org.apache.jmeter.protocol.http.parser.LagartoBasedHtmlParser
2025-09-25 17:38:13,710 INFO o.a.j.p.h.s.HTTPSamplerBase: Parser for application/xhtml+xml is org.apache.jmeter.protocol.http.parser.LagartoBasedHtmlParser
2025-09-25 17:38:13,710 INFO o.a.j.p.h.s.HTTPSamplerBase: Parser for application/xml is org.apache.jmeter.protocol.http.parser.LagartoBasedHtmlParser
2025-09-25 17:38:13,710 INFO o.a.j.p.h.s.HTTPSamplerBase: Parser for text/xml is org.apache.jmeter.protocol.http.parser.LagartoBasedHtmlParser
2025-09-25 17:38:13,710 INFO o.a.j.p.h.s.HTTPSamplerBase: Parser for text/vnd.wap.wml is org.apache.jmeter.protocol.http.parser.RegexpHTMLParser
2025-09-25 17:38:13,710 INFO o.a.j.p.h.s.HTTPSamplerBase: Parser for text/css is org.apache.jmeter.protocol.http.parser.CssParser
2025-09-25 17:38:14,047 INFO o.a.j.JMeter: Creating summariser <summary>
2025-09-25 17:38:14,053 INFO o.a.j.r.d.ReportGenerator: ReportGenerator will use for Parsing the separator: ','
2025-09-25 17:38:14,053 INFO o.a.j.r.d.ReportGenerator: Will generate report at end of test from  results file: results.jtl
2025-09-25 17:38:14,053 INFO o.a.j.r.d.ReportGenerator: Reading report generator properties from: /home/moolya/Applications/apache-jmeter-5.6.3/bin/reportgenerator.properties
2025-09-25 17:38:14,061 INFO o.a.j.r.d.ReportGenerator: Merging with JMeter properties
2025-09-25 17:38:14,065 INFO o.a.j.r.c.ReportGeneratorConfiguration: Property 'jmeter.reportgenerator.temp_dir' not found, using default value 'temp' instead.
2025-09-25 17:38:14,067 INFO o.a.j.r.c.ReportGeneratorConfiguration: Property 'jmeter.reportgenerator.apdex_per_transaction' not found, using default value 'null' instead.
2025-09-25 17:38:14,067 INFO o.a.j.r.c.ReportGeneratorConfiguration: apdex_per_transaction is empty, not APDEX per transaction customization
2025-09-25 17:38:14,067 INFO o.a.j.r.c.ReportGeneratorConfiguration: Property 'jmeter.reportgenerator.sample_filter' not found, using default value 'null' instead.
2025-09-25 17:38:14,067 INFO o.a.j.r.c.ReportGeneratorConfiguration: Property 'jmeter.reportgenerator.report_title' not found, using default value 'null' instead.
2025-09-25 17:38:14,068 INFO o.a.j.r.c.ReportGeneratorConfiguration: Property 'jmeter.reportgenerator.start_date' not found, using default value 'null' instead.
2025-09-25 17:38:14,068 INFO o.a.j.r.c.ReportGeneratorConfiguration: Property 'jmeter.reportgenerator.end_date' not found, using default value 'null' instead.
2025-09-25 17:38:14,068 INFO o.a.j.r.c.ReportGeneratorConfiguration: Property 'jmeter.reportgenerator.date_format' not found, using default value 'null' instead.
2025-09-25 17:38:14,068 INFO o.a.j.r.c.ReportGeneratorConfiguration: Will use date range start date: null, end date: null
2025-09-25 17:38:14,071 INFO o.a.j.r.c.ReportGeneratorConfiguration: Property 'jmeter.reportgenerator.graph.totalTPS.exclude_controllers' not found, using default value 'false' instead.
2025-09-25 17:38:14,072 INFO o.a.j.r.c.ReportGeneratorConfiguration: Property 'jmeter.reportgenerator.graph.activeThreadsOverTime.exclude_controllers' not found, using default value 'false' instead.
2025-09-25 17:38:14,072 INFO o.a.j.r.c.ReportGeneratorConfiguration: Property 'jmeter.reportgenerator.graph.timeVsThreads.exclude_controllers' not found, using default value 'false' instead.
2025-09-25 17:38:14,072 INFO o.a.j.r.c.ReportGeneratorConfiguration: Property 'jmeter.reportgenerator.graph.responseTimeDistribution.exclude_controllers' not found, using default value 'false' instead.
2025-09-25 17:38:14,072 INFO o.a.j.r.c.ReportGeneratorConfiguration: Property 'jmeter.reportgenerator.graph.transactionsPerSecond.exclude_controllers' not found, using default value 'false' instead.
2025-09-25 17:38:14,072 INFO o.a.j.r.c.ReportGeneratorConfiguration: Property 'jmeter.reportgenerator.graph.responseTimePercentiles.exclude_controllers' not found, using default value 'false' instead.
2025-09-25 17:38:14,072 INFO o.a.j.r.c.ReportGeneratorConfiguration: Property 'jmeter.reportgenerator.graph.responseTimePercentilesOverTime.exclude_controllers' not found, using default value 'false' instead.
2025-09-25 17:38:14,072 INFO o.a.j.r.c.ReportGeneratorConfiguration: Property 'jmeter.reportgenerator.graph.responseTimesOverTime.exclude_controllers' not found, using default value 'false' instead.
2025-09-25 17:38:14,073 INFO o.a.j.r.c.ReportGeneratorConfiguration: Property 'jmeter.reportgenerator.graph.connectTimeOverTime.exclude_controllers' not found, using default value 'false' instead.
2025-09-25 17:38:14,073 INFO o.a.j.r.c.ReportGeneratorConfiguration: Property 'jmeter.reportgenerator.graph.latenciesOverTime.exclude_controllers' not found, using default value 'false' instead.
2025-09-25 17:38:14,073 INFO o.a.j.r.c.ReportGeneratorConfiguration: Property 'jmeter.reportgenerator.exporter.json.filters_only_sample_series' not found, using default value 'true' instead.
2025-09-25 17:38:14,074 INFO o.a.j.r.c.ReportGeneratorConfiguration: Property 'jmeter.reportgenerator.exporter.json.series_filter' not found, using default value '' instead.
2025-09-25 17:38:14,074 INFO o.a.j.r.c.ReportGeneratorConfiguration: Property 'jmeter.reportgenerator.exporter.json.show_controllers_only' not found, using default value 'false' instead.
2025-09-25 17:38:14,074 INFO o.a.j.r.c.ReportGeneratorConfiguration: Property 'jmeter.reportgenerator.exporter.html.filters_only_sample_series' not found, using default value 'true' instead.
2025-09-25 17:38:14,074 INFO o.a.j.r.c.ReportGeneratorConfiguration: Property 'jmeter.reportgenerator.exporter.html.series_filter' not found, using default value '' instead.
2025-09-25 17:38:14,074 INFO o.a.j.r.c.ReportGeneratorConfiguration: Property 'jmeter.reportgenerator.exporter.html.show_controllers_only' not found, using default value 'false' instead.
2025-09-25 17:38:14,095 INFO o.a.j.e.StandardJMeterEngine: Running the test!
2025-09-25 17:38:14,096 INFO o.a.j.s.SampleEvent: List of sample_variables: []
2025-09-25 17:38:14,096 INFO o.a.j.s.SampleEvent: List of sample_variables: []
2025-09-25 17:38:14,105 INFO o.a.j.e.u.CompoundVariable: Note: Function class names must contain the string: '.functions.'
2025-09-25 17:38:14,106 INFO o.a.j.e.u.CompoundVariable: Note: Function class names must not contain the string: '.gui.'
2025-09-25 17:38:14,383 INFO o.a.j.JMeter: Running test (1758802094383)
2025-09-25 17:38:14,385 INFO o.a.j.e.StandardJMeterEngine: Starting setUp thread groups
2025-09-25 17:38:14,385 INFO o.a.j.e.StandardJMeterEngine: Starting setUp ThreadGroup: 1 : setUp Thread Group 
2025-09-25 17:38:14,386 INFO o.a.j.e.StandardJMeterEngine: Starting 1 threads for group setUp Thread Group.
2025-09-25 17:38:14,386 INFO o.a.j.e.StandardJMeterEngine: Thread will continue on error
2025-09-25 17:38:14,386 INFO o.a.j.t.ThreadGroup: Starting thread group... number=1 threads=1 ramp-up=1 delayedStart=false
2025-09-25 17:38:14,392 INFO o.a.j.t.ThreadGroup: Started thread group number 1
2025-09-25 17:38:14,392 INFO o.a.j.e.StandardJMeterEngine: Waiting for all setup thread groups to exit
2025-09-25 17:38:14,394 INFO o.a.j.t.JMeterThread: Thread started: setUp Thread Group 1-1
2025-09-25 17:38:14,413 INFO o.a.j.p.h.s.HTTPHCAbstractImpl: Local host = Gurjeet-Moolya
2025-09-25 17:38:14,419 INFO o.a.j.p.h.s.HTTPHC4Impl: HTTP request retry count = 0
2025-09-25 17:38:14,421 INFO o.a.j.s.SampleResult: Note: Sample TimeStamps are START times
2025-09-25 17:38:14,421 INFO o.a.j.s.SampleResult: sampleresult.default.encoding is set to UTF-8
2025-09-25 17:38:14,421 INFO o.a.j.s.SampleResult: sampleresult.useNanoTime=true
2025-09-25 17:38:14,422 INFO o.a.j.s.SampleResult: sampleresult.nanoThreadSleep=5000
2025-09-25 17:38:14,501 INFO o.a.j.p.h.s.h.LazyLayeredConnectionSocketFactory: Setting up HTTPS TrustAll Socket Factory
2025-09-25 17:38:14,506 INFO o.a.j.u.JsseSSLManager: Using default SSL protocol: TLS
2025-09-25 17:38:14,506 INFO o.a.j.u.JsseSSLManager: SSL session context: per-thread
2025-09-25 17:38:14,560 INFO o.a.j.u.SSLManager: JmeterKeyStore Location:  type JKS
2025-09-25 17:38:14,564 INFO o.a.j.u.SSLManager: KeyStore created OK
2025-09-25 17:38:14,564 WARN o.a.j.u.SSLManager: Keystore file not found, loading empty keystore
2025-09-25 17:38:15,784 ERROR o.a.j.e.JSR223PostProcessor: Problem in JSR223 script, JSR223 PostProcessor
javax.script.ScriptException: java.lang.NullPointerException
	at org.codehaus.groovy.jsr223.GroovyScriptEngineImpl.eval(GroovyScriptEngineImpl.java:320) ~[groovy-jsr223-3.0.20.jar:3.0.20]
	at org.codehaus.groovy.jsr223.GroovyCompiledScript.eval(GroovyCompiledScript.java:71) ~[groovy-jsr223-3.0.20.jar:3.0.20]
	at java.scripting/javax.script.CompiledScript.eval(CompiledScript.java:93) ~[java.scripting:?]
	at org.apache.jmeter.util.JSR223TestElement.processFileOrScript(JSR223TestElement.java:230) ~[ApacheJMeter_core.jar:5.6.3]
	at org.apache.jmeter.extractor.JSR223PostProcessor.process(JSR223PostProcessor.java:45) ~[ApacheJMeter_components.jar:5.6.3]
	at org.apache.jmeter.threads.JMeterThread.runPostProcessors(JMeterThread.java:973) ~[ApacheJMeter_core.jar:5.6.3]
	at org.apache.jmeter.threads.JMeterThread.executeSamplePackage(JMeterThread.java:585) ~[ApacheJMeter_core.jar:5.6.3]
	at org.apache.jmeter.threads.JMeterThread.processSampler(JMeterThread.java:501) ~[ApacheJMeter_core.jar:5.6.3]
	at org.apache.jmeter.threads.JMeterThread.run(JMeterThread.java:268) ~[ApacheJMeter_core.jar:5.6.3]
	at java.base/java.lang.Thread.run(Thread.java:1583) [?:?]
Caused by: java.lang.NullPointerException
	at java.base/java.util.concurrent.ConcurrentHashMap.putVal(ConcurrentHashMap.java:1011) ~[?:?]
	at java.base/java.util.concurrent.ConcurrentHashMap.put(ConcurrentHashMap.java:1006) ~[?:?]
	at java.base/java.util.Properties.put(Properties.java:1348) ~[?:?]
	at java_util_Map$put.call(Unknown Source) ~[?:?]
	at org.codehaus.groovy.runtime.callsite.CallSiteArray.defaultCall(CallSiteArray.java:47) ~[groovy-3.0.20.jar:3.0.20]
	at org.codehaus.groovy.runtime.callsite.AbstractCallSite.call(AbstractCallSite.java:125) ~[groovy-3.0.20.jar:3.0.20]
	at org.codehaus.groovy.runtime.callsite.AbstractCallSite.call(AbstractCallSite.java:148) ~[groovy-3.0.20.jar:3.0.20]
	at Script1.run(Script1.groovy:2) ~[?:?]
	at org.codehaus.groovy.jsr223.GroovyScriptEngineImpl.eval(GroovyScriptEngineImpl.java:317) ~[groovy-jsr223-3.0.20.jar:3.0.20]
	... 9 more
2025-09-25 17:38:15,790 INFO o.a.j.p.h.s.HTTPHC4Impl: Content-Header is set already on the request! Will be replaced by a Multipart-Header. Old headers: [Content-Type: application/x-www-form-urlencoded]
2025-09-25 17:38:15,793 INFO o.a.j.s.FileServer: Stored: /home/moolya/Documents/eGov/Performance-Scripts/mSeva/IMG.jpg
2025-09-25 17:38:18,020 INFO o.a.j.t.JMeterThread: Thread is done: setUp Thread Group 1-1
2025-09-25 17:38:18,020 INFO o.a.j.t.JMeterThread: Thread finished: setUp Thread Group 1-1
2025-09-25 17:38:18,023 INFO o.a.j.e.StandardJMeterEngine: All Setup Threads have ended
2025-09-25 17:38:18,063 INFO o.a.j.e.StandardJMeterEngine: Starting ThreadGroup: 1 : Thread Group: Billing Service
2025-09-25 17:38:18,063 INFO o.a.j.e.StandardJMeterEngine: Starting 1 threads for group Thread Group: Billing Service.
2025-09-25 17:38:18,063 INFO o.a.j.e.StandardJMeterEngine: Thread will continue on error
2025-09-25 17:38:18,063 INFO o.a.j.t.ThreadGroup: Starting thread group... number=1 threads=1 ramp-up=1 delayedStart=false
2025-09-25 17:38:18,065 INFO o.a.j.t.ThreadGroup: Started thread group number 1
2025-09-25 17:38:18,065 INFO o.a.j.e.StandardJMeterEngine: All thread groups have been started
2025-09-25 17:38:18,065 INFO o.a.j.t.JMeterThread: Thread started: Thread Group: Billing Service 1-1
2025-09-25 17:38:18,264 INFO o.a.j.t.JMeterThread: Thread is done: Thread Group: Billing Service 1-1
2025-09-25 17:38:18,264 INFO o.a.j.t.JMeterThread: Thread finished: Thread Group: Billing Service 1-1
2025-09-25 17:38:18,265 INFO o.a.j.e.StandardJMeterEngine: Notifying test listeners of end of test
2025-09-25 17:38:18,272 INFO o.a.j.r.Summariser: summary =      6 in 00:00:04 =    1.5/s Avg:   515 Min:    20 Max:  2208 Err:     1 (16.67%)
2025-09-25 17:38:18,273 INFO o.a.j.JMeter: Generating Dashboard
2025-09-25 17:38:18,273 INFO o.a.j.r.d.ReportGenerator: Flushing result collector before report Generation
2025-09-25 17:38:18,289 INFO o.a.j.r.p.NormalizerSampleConsumer: Using format, 'ms', to parse timeStamp field
2025-09-25 17:38:18,369 INFO o.a.j.r.p.AbstractSampleConsumer: class org.apache.jmeter.report.processor.AggregateConsumer#stopProducing(): beginDate produced 0 samples
2025-09-25 17:38:18,369 INFO o.a.j.r.p.AbstractSampleConsumer: class org.apache.jmeter.report.processor.AggregateConsumer#stopProducing(): endDate produced 0 samples
2025-09-25 17:38:18,371 INFO o.a.j.r.p.AbstractSampleConsumer: class org.apache.jmeter.report.processor.ApdexSummaryConsumer#stopProducing(): apdexSummary produced 0 samples
2025-09-25 17:38:18,371 INFO o.a.j.r.p.AbstractSampleConsumer: class org.apache.jmeter.report.processor.RequestsSummaryConsumer#stopProducing(): requestsSummary produced 0 samples
2025-09-25 17:38:18,377 INFO o.a.j.r.p.AbstractSampleConsumer: class org.apache.jmeter.report.processor.StatisticsSummaryConsumer#stopProducing(): statisticsSummary produced 0 samples
2025-09-25 17:38:18,380 INFO o.a.j.r.p.AbstractSampleConsumer: class org.apache.jmeter.report.processor.Top5ErrorsBySamplerConsumer#stopProducing(): top5ErrorsBySampler produced 0 samples
2025-09-25 17:38:18,380 INFO o.a.j.r.p.AbstractSampleConsumer: class org.apache.jmeter.report.processor.ErrorsSummaryConsumer#stopProducing(): errorsSummary produced 0 samples
2025-09-25 17:38:18,380 INFO o.a.j.r.p.AbstractSampleConsumer: class org.apache.jmeter.report.processor.graph.impl.HitsPerSecondGraphConsumer#stopProducing(): hitsPerSecond produced 0 samples
2025-09-25 17:38:18,389 INFO o.a.j.r.p.AbstractSampleConsumer: class org.apache.jmeter.report.processor.graph.impl.LatencyVSRequestGraphConsumer#stopProducing(): latencyVsRequest produced 0 samples
2025-09-25 17:38:18,389 INFO o.a.j.r.p.AbstractSampleConsumer: class org.apache.jmeter.report.processor.graph.impl.SyntheticResponseTimeDistributionGraphConsumer#stopProducing(): syntheticResponseTimeDistribution produced 0 samples
2025-09-25 17:38:18,389 INFO o.a.j.r.p.AbstractSampleConsumer: class org.apache.jmeter.report.processor.graph.impl.BytesThroughputGraphConsumer#stopProducing(): bytesThroughputOverTime produced 0 samples
2025-09-25 17:38:18,390 INFO o.a.j.r.p.AbstractSampleConsumer: class org.apache.jmeter.report.processor.graph.impl.CodesPerSecondGraphConsumer#stopProducing(): codesPerSecond produced 0 samples
2025-09-25 17:38:18,392 INFO o.a.j.r.p.AbstractSampleConsumer: class org.apache.jmeter.report.processor.graph.impl.ResponseTimeVSRequestGraphConsumer#stopProducing(): responseTimeVsRequest produced 0 samples
2025-09-25 17:38:18,392 INFO o.a.j.r.p.AbstractSampleConsumer: class org.apache.jmeter.report.processor.FilterConsumer#stopProducing(): startIntervalControlerFilter produced 49 samples
2025-09-25 17:38:18,392 INFO o.a.j.r.p.AbstractSampleConsumer: class org.apache.jmeter.report.processor.graph.impl.TotalTPSGraphConsumer#stopProducing(): totalTPS produced 0 samples
2025-09-25 17:38:18,392 INFO o.a.j.r.p.AbstractSampleConsumer: class org.apache.jmeter.report.processor.graph.impl.ActiveThreadsGraphConsumer#stopProducing(): activeThreadsOverTime produced 0 samples
2025-09-25 17:38:18,392 INFO o.a.j.r.p.AbstractSampleConsumer: class org.apache.jmeter.report.processor.graph.impl.TimeVSThreadGraphConsumer#stopProducing(): timeVsThreads produced 0 samples
2025-09-25 17:38:18,392 INFO o.a.j.r.p.AbstractSampleConsumer: class org.apache.jmeter.report.processor.graph.impl.ResponseTimeDistributionGraphConsumer#stopProducing(): responseTimeDistribution produced 0 samples
2025-09-25 17:38:18,393 INFO o.a.j.r.p.AbstractSampleConsumer: class org.apache.jmeter.report.processor.graph.impl.TransactionsPerSecondGraphConsumer#stopProducing(): transactionsPerSecond produced 0 samples
2025-09-25 17:38:18,393 INFO o.a.j.r.p.AbstractSampleConsumer: class org.apache.jmeter.report.processor.graph.impl.ResponseTimePercentilesGraphConsumer#stopProducing(): responseTimePercentiles produced 0 samples
2025-09-25 17:38:18,395 INFO o.a.j.r.p.AbstractSampleConsumer: class org.apache.jmeter.report.processor.graph.impl.ResponseTimePercentilesOverTimeGraphConsumer#stopProducing(): responseTimePercentilesOverTime produced 0 samples
2025-09-25 17:38:18,395 INFO o.a.j.r.p.AbstractSampleConsumer: class org.apache.jmeter.report.processor.graph.impl.ResponseTimeOverTimeGraphConsumer#stopProducing(): responseTimesOverTime produced 0 samples
2025-09-25 17:38:18,395 INFO o.a.j.r.p.AbstractSampleConsumer: class org.apache.jmeter.report.processor.graph.impl.ConnectTimeOverTimeGraphConsumer#stopProducing(): connectTimeOverTime produced 0 samples
2025-09-25 17:38:18,395 INFO o.a.j.r.p.AbstractSampleConsumer: class org.apache.jmeter.report.processor.graph.impl.LatencyOverTimeGraphConsumer#stopProducing(): latenciesOverTime produced 0 samples
2025-09-25 17:38:18,395 INFO o.a.j.r.p.AbstractSampleConsumer: class org.apache.jmeter.report.processor.FilterConsumer#stopProducing(): nameFilter produced 105 samples
2025-09-25 17:38:18,395 INFO o.a.j.r.p.AbstractSampleConsumer: class org.apache.jmeter.report.processor.FilterConsumer#stopProducing(): dateRangeFilter produced 21 samples
2025-09-25 17:38:18,395 INFO o.a.j.r.p.AbstractSampleConsumer: class org.apache.jmeter.report.processor.NormalizerSampleConsumer#stopProducing(): normalizer produced 7 samples
2025-09-25 17:38:18,396 INFO o.a.j.r.p.CsvFileSampleSource: produce(): 7 samples produced in 68ms on channel 0
2025-09-25 17:38:18,396 INFO o.a.j.r.d.ReportGenerator: Exporting data using exporter:'json' of className:'org.apache.jmeter.report.dashboard.JsonExporter'
2025-09-25 17:38:18,466 INFO o.a.j.r.d.JsonExporter: Found data for consumer statisticsSummary in context
2025-09-25 17:38:18,467 INFO o.a.j.r.d.JsonExporter: Creating statistics for overall
2025-09-25 17:38:18,467 INFO o.a.j.r.d.JsonExporter: Creating statistics for other transactions
2025-09-25 17:38:18,467 INFO o.a.j.r.d.JsonExporter: Checking output folder
2025-09-25 17:38:18,468 INFO o.a.j.r.d.JsonExporter: Writing statistics JSON to /home/moolya/Documents/eGov/Performance-Scripts/mSeva/./ReportsFolder/statistics.json
2025-09-25 17:38:18,508 INFO o.a.j.r.d.ReportGenerator: Exporting data using exporter:'html' of className:'org.apache.jmeter.report.dashboard.HtmlTemplateExporter'
2025-09-25 17:38:18,510 INFO o.a.j.r.d.HtmlTemplateExporter: Will generate dashboard in folder: /home/moolya/Documents/eGov/Performance-Scripts/mSeva/./ReportsFolder
2025-09-25 17:38:18,622 INFO o.a.j.r.d.HtmlTemplateExporter: Report will be generated in: /home/moolya/Documents/eGov/Performance-Scripts/mSeva/./ReportsFolder, creating folder structure
2025-09-25 17:38:18,623 INFO o.a.j.r.d.TemplateVisitor: Copying folder from '/home/moolya/Applications/apache-jmeter-5.6.3/bin/report-template' to '/home/moolya/Documents/eGov/Performance-Scripts/mSeva/./ReportsFolder', got message: /home/moolya/Documents/eGov/Performance-Scripts/mSeva/./ReportsFolder, found non empty folder with following content [/home/moolya/Documents/eGov/Performance-Scripts/mSeva/./ReportsFolder/statistics.json], will be ignored
2025-09-25 17:38:18,842 INFO o.a.j.JMeter: Dashboard generated
